[debug] [2023-01-02T12:31:55.433Z] ----------------------------------------------------------------------
[debug] [2023-01-02T12:31:55.437Z] Command:       C:\Program Files\nodejs\node.exe C:\Program Files\nodejs\node_modules\firebase-tools\lib\bin\firebase.js init
[debug] [2023-01-02T12:31:55.438Z] CLI Version:   11.19.0
[debug] [2023-01-02T12:31:55.438Z] Platform:      win32
[debug] [2023-01-02T12:31:55.438Z] Node Version:  v16.18.0
[debug] [2023-01-02T12:31:55.439Z] Time:          Mon Jan 02 2023 21:31:55 GMT+0900 (대한민국 표준시)
[debug] [2023-01-02T12:31:55.440Z] ----------------------------------------------------------------------
[debug] 
[debug] [2023-01-02T12:31:55.450Z] > command requires scopes: ["email","openid","https://www.googleapis.com/auth/cloudplatformprojects.readonly","https://www.googleapis.com/auth/firebase","https://www.googleapis.com/auth/cloud-platform"]
[debug] [2023-01-02T12:31:55.450Z] > authorizing via signed-in user (thwogjs98@gmail.com)
[info] 
     ######## #### ########  ######## ########     ###     ######  ########
     ##        ##  ##     ## ##       ##     ##  ##   ##  ##       ##
     ######    ##  ########  ######   ########  #########  ######  ######
     ##        ##  ##    ##  ##       ##     ## ##     ##       ## ##
     ##       #### ##     ## ######## ########  ##     ##  ######  ########

You're about to initialize a Firebase project in this directory:

  C:\Users\user\Desktop\react-disney-app

[info] 
=== Project Setup
[info] 
[info] First, let's associate this project directory with a Firebase project.
[info] You can create multiple project aliases by running firebase use --add, 
[info] but for now we'll just set up a default project.
[info] 
[debug] [2023-01-02T12:32:17.591Z] >>> [apiv2][query] GET https://firebase.googleapis.com/v1beta1/projects pageSize=100
[debug] [2023-01-02T12:32:18.406Z] <<< [apiv2][status] GET https://firebase.googleapis.com/v1beta1/projects 200
[debug] [2023-01-02T12:32:18.406Z] <<< [apiv2][body] GET https://firebase.googleapis.com/v1beta1/projects [omitted]
[info] i  Using project react-disney-app-b7338 (react-disney-app) 
[info] 
=== Database Setup
[info] i  database: ensuring required API firebasedatabase.googleapis.com is enabled... 
[debug] [2023-01-02T12:32:34.230Z] >>> [apiv2][query] GET https://serviceusage.googleapis.com/v1/projects/react-disney-app-b7338/services/firebasedatabase.googleapis.com [none]
[debug] [2023-01-02T12:32:34.230Z] >>> [apiv2][(partial)header] GET https://serviceusage.googleapis.com/v1/projects/react-disney-app-b7338/services/firebasedatabase.googleapis.com x-goog-quota-user=projects/react-disney-app-b7338
[debug] [2023-01-02T12:32:35.504Z] <<< [apiv2][status] GET https://serviceusage.googleapis.com/v1/projects/react-disney-app-b7338/services/firebasedatabase.googleapis.com 200
[debug] [2023-01-02T12:32:35.505Z] <<< [apiv2][body] GET https://serviceusage.googleapis.com/v1/projects/react-disney-app-b7338/services/firebasedatabase.googleapis.com [omitted]
[warn] !  database: missing required API firebasedatabase.googleapis.com. Enabling now... 
[debug] [2023-01-02T12:32:35.509Z] >>> [apiv2][query] POST https://serviceusage.googleapis.com/v1/projects/react-disney-app-b7338/services/firebasedatabase.googleapis.com:enable [none]
[debug] [2023-01-02T12:32:35.509Z] >>> [apiv2][(partial)header] POST https://serviceusage.googleapis.com/v1/projects/react-disney-app-b7338/services/firebasedatabase.googleapis.com:enable x-goog-quota-user=projects/react-disney-app-b7338
[debug] [2023-01-02T12:32:36.884Z] <<< [apiv2][status] POST https://serviceusage.googleapis.com/v1/projects/react-disney-app-b7338/services/firebasedatabase.googleapis.com:enable 200
[debug] [2023-01-02T12:32:36.885Z] <<< [apiv2][body] POST https://serviceusage.googleapis.com/v1/projects/react-disney-app-b7338/services/firebasedatabase.googleapis.com:enable [omitted]
[debug] [2023-01-02T12:32:46.888Z] >>> [apiv2][query] GET https://serviceusage.googleapis.com/v1/projects/react-disney-app-b7338/services/firebasedatabase.googleapis.com [none]
[debug] [2023-01-02T12:32:46.888Z] >>> [apiv2][(partial)header] GET https://serviceusage.googleapis.com/v1/projects/react-disney-app-b7338/services/firebasedatabase.googleapis.com x-goog-quota-user=projects/react-disney-app-b7338
[debug] [2023-01-02T12:32:48.071Z] <<< [apiv2][status] GET https://serviceusage.googleapis.com/v1/projects/react-disney-app-b7338/services/firebasedatabase.googleapis.com 200
[debug] [2023-01-02T12:32:48.072Z] <<< [apiv2][body] GET https://serviceusage.googleapis.com/v1/projects/react-disney-app-b7338/services/firebasedatabase.googleapis.com [omitted]
[info] +  database: required API firebasedatabase.googleapis.com is enabled 
[info] 
[debug] [2023-01-02T12:32:48.088Z] >>> [apiv2][query] GET https://firebase.googleapis.com/v1beta1/projects/react-disney-app-b7338 [none]
[debug] [2023-01-02T12:32:48.562Z] <<< [apiv2][status] GET https://firebase.googleapis.com/v1beta1/projects/react-disney-app-b7338 200
[debug] [2023-01-02T12:32:48.562Z] <<< [apiv2][body] GET https://firebase.googleapis.com/v1beta1/projects/react-disney-app-b7338 {"projectId":"react-disney-app-b7338","projectNumber":"13281058089","displayName":"react-disney-app","name":"projects/react-disney-app-b7338","resources":{"hostingSite":"react-disney-app-b7338"},"state":"ACTIVE","etag":"1_119f0bcb-05e1-4a04-b3ec-68627e343006"}
